#
# A fatal error has been detected by the Java Runtime Environment:
#
#  Internal Error (javaClasses.cpp:129), pid=6808, tid=10200
#  fatal error: Invalid layout of preloaded class
#
# JRE version: 7.0_21-b11
# Java VM: Java HotSpot(TM) 64-Bit Server VM (23.21-b01 mixed mode windows-amd64 compressed oops)
# Failed to write core dump. Minidumps are not enabled by default on client versions of Windows
#
# If you would like to submit a bug report, please visit:
#   http://bugreport.sun.com/bugreport/crash.jsp
#

---------------  T H R E A D  ---------------

Current thread (0x0000000002bae000):  JavaThread "Unknown thread" [_thread_in_vm, id=10200, stack(0x0000000002650000,0x0000000002750000)]

Stack: [0x0000000002650000,0x0000000002750000]

---------------  P R O C E S S  ---------------

Java Threads: ( => current thread )

Other Threads:

=>0x0000000002bae000 (exited) JavaThread "Unknown thread" [_thread_in_vm, id=10200, stack(0x0000000002650000,0x0000000002750000)]

VM state:not at safepoint (not fully initialized)

VM Mutex/Monitor currently owned by a thread: None

GC Heap History (0 events):
No events

Deoptimization events (0 events):
No events

Internal exceptions (0 events):
No events

Events (10 events):
Event: 0.009 loading class 0x0000000002aa8170 done
Event: 0.010 loading class 0x0000000002a6a9b0 done
Event: 0.010 loading class 0x0000000002a6a980
Event: 0.010 loading class 0x000000000a30ffd0
Event: 0.010 loading class 0x000000000a30ffd0 done
Event: 0.010 loading class 0x000000000a310090
Event: 0.010 loading class 0x000000000a310090 done
Event: 0.010 loading class 0x000000000a30da00
Event: 0.010 loading class 0x000000000a30da00 done
Event: 0.010 loading class 0x0000000002a6a980 done


Dynamic libraries:
0x00007ff6767e0000 - 0x00007ff676813000 	E:\Dev\Java\jre\bin\javaw.exe
0x00007ffd671d0000 - 0x00007ffd67379000 	C:\WINDOWS\SYSTEM32\ntdll.dll
0x00007ffd65770000 - 0x00007ffd658a9000 	C:\WINDOWS\system32\KERNEL32.DLL
0x00007ffd64720000 - 0x00007ffd6482e000 	C:\WINDOWS\system32\KERNELBASE.dll
0x00007ffd63120000 - 0x00007ffd631ab000 	C:\WINDOWS\system32\apphelp.dll
0x00007ffd4e970000 - 0x00007ffd4e9bc000 	C:\WINDOWS\AppPatch\AppPatch64\AcGenral.DLL
0x00007ffd64ff0000 - 0x00007ffd65097000 	C:\WINDOWS\system32\msvcrt.dll
0x00007ffd64330000 - 0x00007ffd6435b000 	C:\WINDOWS\SYSTEM32\SspiCli.dll
0x00007ffd65150000 - 0x00007ffd651a1000 	C:\WINDOWS\system32\SHLWAPI.dll
0x00007ffd651b0000 - 0x00007ffd65321000 	C:\WINDOWS\system32\USER32.dll
0x00007ffd65450000 - 0x00007ffd655c6000 	C:\WINDOWS\system32\ole32.dll
0x00007ffd65bd0000 - 0x00007ffd66fdf000 	C:\WINDOWS\system32\SHELL32.dll
0x00007ffd63b00000 - 0x00007ffd63b1f000 	C:\WINDOWS\SYSTEM32\USERENV.dll
0x00007ffd650a0000 - 0x00007ffd65145000 	C:\WINDOWS\system32\ADVAPI32.dll
0x00007ffd5c300000 - 0x00007ffd5c31b000 	C:\WINDOWS\SYSTEM32\MPR.dll
0x00007ffd655d0000 - 0x00007ffd65706000 	C:\WINDOWS\system32\RPCRT4.dll
0x00007ffd65710000 - 0x00007ffd65767000 	C:\WINDOWS\SYSTEM32\sechost.dll
0x00007ffd64c40000 - 0x00007ffd64e17000 	C:\WINDOWS\SYSTEM32\combase.dll
0x00007ffd64e30000 - 0x00007ffd64f75000 	C:\WINDOWS\system32\GDI32.dll
0x00007ffd64550000 - 0x00007ffd64564000 	C:\WINDOWS\SYSTEM32\profapi.dll
0x00007ffd62b40000 - 0x00007ffd62be1000 	C:\WINDOWS\SYSTEM32\SHCORE.dll
0x00007ffd66ff0000 - 0x00007ffd67024000 	C:\WINDOWS\system32\IMM32.DLL
0x00007ffd65a90000 - 0x00007ffd65bc8000 	C:\WINDOWS\system32\MSCTF.dll
0x00007ffd64510000 - 0x00007ffd6453f000 	C:\Windows\system32\nvinitx.dll
0x000000000f000000 - 0x000000000f006000 	C:\Program Files\NVIDIA Corporation\CoProcManager\detoured.dll
0x00007ffd62900000 - 0x00007ffd6295f000 	C:\Program Files\NVIDIA Corporation\CoProcManager\nvd3d9wrapx.dll
0x00007ffd658b0000 - 0x00007ffd65a86000 	C:\WINDOWS\system32\SETUPAPI.dll
0x00007ffd64830000 - 0x00007ffd6487a000 	C:\WINDOWS\system32\CFGMGR32.dll
0x00007ffd62410000 - 0x00007ffd62456000 	C:\Program Files\NVIDIA Corporation\CoProcManager\nvdxgiwrapx.dll
0x0000000180000000 - 0x00000001800d3000 	E:\System\MacType\MacType64.dll
0x00007ffd64470000 - 0x00007ffd64491000 	E:\System\MacType\EasyHK64.dll
0x00007ffd64e20000 - 0x00007ffd64e27000 	C:\WINDOWS\system32\PSAPI.DLL
0x00007ffd626a0000 - 0x00007ffd628fa000 	C:\WINDOWS\WinSxS\amd64_microsoft.windows.common-controls_6595b64144ccf1df_6.0.9600.16384_none_62475f7becb72503\COMCTL32.dll
0x00000000702a0000 - 0x0000000070371000 	E:\Dev\Java\jre\bin\msvcr100.dll
0x000000006fb70000 - 0x0000000070291000 	E:\Dev\Java\jre\bin\server\jvm.dll
0x00007ffd51d60000 - 0x00007ffd51d69000 	C:\WINDOWS\SYSTEM32\WSOCK32.dll
0x00007ffd5fb90000 - 0x00007ffd5fbaf000 	C:\WINDOWS\SYSTEM32\WINMM.dll
0x00007ffd653f0000 - 0x00007ffd65448000 	C:\WINDOWS\system32\WS2_32.dll
0x00007ffd5fb50000 - 0x00007ffd5fb7a000 	C:\WINDOWS\SYSTEM32\WINMMBASE.dll
0x00007ffd64ae0000 - 0x00007ffd64ae9000 	C:\WINDOWS\system32\NSI.dll
0x00007ffd63380000 - 0x00007ffd633a6000 	C:\WINDOWS\SYSTEM32\DEVOBJ.dll
0x0000000070dd0000 - 0x0000000070ddf000 	E:\Dev\Java\jre\bin\verify.dll
0x000000006fb40000 - 0x000000006fb68000 	E:\Dev\Java\jre\bin\java.dll
0x000000006fb20000 - 0x000000006fb35000 	E:\Dev\Java\jre\bin\zip.dll

VM Arguments:
jvm_args: -Dfile.encoding=GBK -Xbootclasspath:J:\android-sdk-windows\platforms\android-17\android.jar 
java_command: org.eclipse.jdt.internal.junit.runner.RemoteTestRunner -version 3 -port 65107 -testLoaderClass org.eclipse.jdt.internal.junit.runner.junit3.JUnit3TestLoader -loaderpluginname org.eclipse.jdt.junit.runtime -classNames com.litpo.virtualdolllife.test.Test
Launcher Type: SUN_STANDARD

Environment Variables:
CLASSPATH=.;E:\Video&Audio\QuickTime\QTSystem\QTJava.zip
PATH=C:\Program Files (x86)\NVIDIA Corporation\PhysX\Common;C:\WINDOWS\system32;C:\WINDOWS;C:\WINDOWS\System32\Wbem;C:\WINDOWS\System32\WindowsPowerShell\v1.0\;C:\Program Files\Microsoft\Web Platform Installer\;C:\Program Files (x86)\Microsoft ASP.NET\ASP.NET Web Pages\v1.0\;C:\Program Files\Microsoft SQL Server\110\Tools\Binn\;E:\System\MacType;C:\Program Files (x86)\Intel\OpenCL SDK\2.0\bin\x86;C:\Program Files (x86)\Intel\OpenCL SDK\2.0\bin\x64;E:\Video&Audio\QuickTime\QTSystem\;C:\Program Files (x86)\Microsoft SQL Server\110\Tools\Binn\ManagementStudio\;C:\Program Files (x86)\Microsoft SQL Server\110\Tools\Binn\;C:\Program Files (x86)\Microsoft SQL Server\110\DTS\Binn\;C:\Program Files\Microsoft SQL Server\110\DTS\Binn\;E:\Dev\Python27;E:\Dev\Java\jdk1.7.0_21\bin;E:\Dev\Java\JRE\bin;C:\Program Files (x86)\Windows Kits\8.0\Windows Performance Toolkit\;E:\Dev\TortoiseSVN\bin;C:\Program Files (x86)\Windows Live\Shared;E:\Dev\Git\cmd;E:\Dev\Ruby200-x64\bin;E:\System\Cracklock\Bin
USERNAME=Ïè
OS=Windows_NT
PROCESSOR_IDENTIFIER=Intel64 Family 6 Model 42 Stepping 7, GenuineIntel



---------------  S Y S T E M  ---------------

OS: Windows 8 , 64 bit Build 9200 

CPU:total 4 (2 cores per cpu, 2 threads per core) family 6 model 42 stepping 7, cmov, cx8, fxsr, mmx, sse, sse2, sse3, ssse3, sse4.1, sse4.2, popcnt, avx, ht, tsc, tscinvbit

Memory: 4k page, physical 6098108k(2113672k free), swap 9112764k(2876088k free)

vm_info: Java HotSpot(TM) 64-Bit Server VM (23.21-b01) for windows-amd64 JRE (1.7.0_21-b11), built on Apr  4 2013 08:11:28 by "java_re" with unknown MS VC++:1600

time: Sat Nov 09 11:48:09 2013
elapsed time: 0 seconds

